<?xml version="1.0" encoding="UTF-8"?>
<testsuite name="AntiFraudTest" tests="1" skipped="0" failures="0" errors="0" timestamp="2025-01-02T19:04:23" hostname="NI502219" time="26.027">
  <properties/>
  <testcase name="start" classname="AntiFraudTest" time="26.027"/>
  <system-out><![CDATA[?[1;31m
Start test 1?[0m
?[0;34m
?[0m?[0;34m  .   ____          _            __ _ _
?[0m?[0;34m /\\ / ___'_ __ _ _(_)_ __  __ _ \ \ \ \
?[0m?[0;34m( ( )\___ | '_ | '_| | '_ \/ _` | \ \ \ \
?[0m?[0;34m \\/  ___)| |_)| | | | | || (_| |  ) ) ) )
?[0m?[0;34m  '  |____| .__|_| |_|_| |_\__, | / / / /
?[0m?[0;34m =========|_|==============|___/=/_/_/_/
?[0m?[0;34m :: Spring Boot ::                (v3.2.0)
?[0m?[0;34m
?[0m?[0;34m2025-01-02T11:04:24.481-08:00  INFO 42488 --- [    Test worker] antifraud.AntiFraudApplication           : Starting AntiFraudApplication using Java 17.0.10 with PID 42488 (started by CMCDERMI in C:\Users\CMCDERMI\code\hyperskill\Anti-Fraud System\Anti-Fraud System\task)
?[0m?[0;34m2025-01-02T11:04:24.486-08:00  INFO 42488 --- [    Test worker] antifraud.AntiFraudApplication           : No active profile set, falling back to 1 default profile: "default"
?[0m?[0;34m2025-01-02T11:04:25.352-08:00  INFO 42488 --- [    Test worker] .s.d.r.c.RepositoryConfigurationDelegate : Bootstrapping Spring Data JPA repositories in DEFAULT mode.
?[0m?[0;34m2025-01-02T11:04:25.412-08:00  INFO 42488 --- [    Test worker] .s.d.r.c.RepositoryConfigurationDelegate : Finished Spring Data repository scanning in 53 ms. Found 4 JPA repository interfaces.
?[0m?[0;34m2025-01-02T11:04:26.309-08:00  INFO 42488 --- [    Test worker] o.s.b.w.embedded.tomcat.TomcatWebServer  : Tomcat initialized with port 28852 (http)
?[0m?[0;34m2025-01-02T11:04:26.333-08:00  INFO 42488 --- [    Test worker] o.apache.catalina.core.StandardService   : Starting service [Tomcat]
?[0m?[0;34m2025-01-02T11:04:26.333-08:00  INFO 42488 --- [    Test worker] o.apache.catalina.core.StandardEngine    : Starting Servlet engine: [Apache Tomcat/10.1.16]
?[0m?[0;34m2025-01-02T11:04:26.418-08:00  INFO 42488 --- [    Test worker] o.a.c.c.C.[Tomcat].[localhost].[/]       : Initializing Spring embedded WebApplicationContext
?[0m?[0;34m2025-01-02T11:04:26.420-08:00  INFO 42488 --- [    Test worker] w.s.c.ServletWebServerApplicationContext : Root WebApplicationContext: initialization completed in 1886 ms
?[0m?[0;34m2025-01-02T11:04:27.169-08:00  INFO 42488 --- [    Test worker] o.hibernate.jpa.internal.util.LogHelper  : HHH000204: Processing PersistenceUnitInfo [name: default]
?[0m?[0;34m2025-01-02T11:04:27.287-08:00  INFO 42488 --- [    Test worker] org.hibernate.Version                    : HHH000412: Hibernate ORM core version 6.3.1.Final
?[0m?[0;34m2025-01-02T11:04:27.327-08:00  INFO 42488 --- [    Test worker] o.h.c.internal.RegionFactoryInitiator    : HHH000026: Second-level cache disabled
?[0m?[0;34m2025-01-02T11:04:27.609-08:00  INFO 42488 --- [    Test worker] o.s.o.j.p.SpringPersistenceUnitInfo      : No LoadTimeWeaver setup: ignoring JPA class transformer
?[0m?[0;34m2025-01-02T11:04:27.639-08:00  INFO 42488 --- [    Test worker] com.zaxxer.hikari.HikariDataSource       : HikariPool-1 - Starting...
?[0m?[0;34m2025-01-02T11:04:27.760-08:00  INFO 42488 --- [    Test worker] com.zaxxer.hikari.pool.HikariPool        : HikariPool-1 - Added connection conn0: url=jdbc:h2:file:../service_db user=
?[0m?[0;34m2025-01-02T11:04:27.761-08:00  INFO 42488 --- [    Test worker] com.zaxxer.hikari.HikariDataSource       : HikariPool-1 - Start completed.
?[0m?[0;34m2025-01-02T11:04:28.502-08:00  INFO 42488 --- [    Test worker] o.h.e.t.j.p.i.JtaPlatformInitiator       : HHH000489: No JTA platform available (set 'hibernate.transaction.jta.platform' to enable JTA platform integration)
?[0m?[0;34m2025-01-02T11:04:28.540-08:00  INFO 42488 --- [    Test worker] j.LocalContainerEntityManagerFactoryBean : Initialized JPA EntityManagerFactory for persistence unit 'default'
?[0m?[0;34m2025-01-02T11:04:29.685-08:00  WARN 42488 --- [    Test worker] JpaBaseConfiguration$JpaWebConfiguration : spring.jpa.open-in-view is enabled by default. Therefore, database queries may be performed during view rendering. Explicitly configure spring.jpa.open-in-view to disable this warning
?[0m?[0;34m2025-01-02T11:04:30.740-08:00  INFO 42488 --- [    Test worker] o.s.b.a.e.web.EndpointLinksResolver      : Exposing 14 endpoint(s) beneath base path '/actuator'
?[0m?[0;34m2025-01-02T11:04:30.792-08:00  INFO 42488 --- [    Test worker] o.s.s.web.DefaultSecurityFilterChain     : Will secure any request with [org.springframework.security.web.session.DisableEncodeUrlFilter@67de5328, org.springframework.security.web.context.request.async.WebAsyncManagerIntegrationFilter@4b05a9b1, org.springframework.security.web.context.SecurityContextHolderFilter@5d571179, org.springframework.security.web.header.HeaderWriterFilter@1e08f0cd, org.springframework.web.filter.CorsFilter@296b758, org.springframework.security.web.authentication.logout.LogoutFilter@75af5f2a, org.springframework.security.web.authentication.www.BasicAuthenticationFilter@7f50b08a, org.springframework.security.web.savedrequest.RequestCacheAwareFilter@3d0f2154, org.springframework.security.web.servletapi.SecurityContextHolderAwareRequestFilter@1d0695da, org.springframework.security.web.authentication.AnonymousAuthenticationFilter@7f129873, org.springframework.security.web.session.SessionManagementFilter@4a592d22, org.springframework.security.web.access.ExceptionTranslationFilter@19cc697c, org.springframework.security.web.access.intercept.AuthorizationFilter@1507bc3]
?[0m?[0;34m2025-01-02T11:04:31.130-08:00  INFO 42488 --- [    Test worker] o.s.b.w.embedded.tomcat.TomcatWebServer  : Tomcat started on port 28852 (http) with context path ''
?[0m?[0;34m2025-01-02T11:04:31.138-08:00  INFO 42488 --- [    Test worker] antifraud.AntiFraudApplication           : Started AntiFraudApplication in 7.0 seconds (process running for 9.294)
?[0m?[0;34mTest case
?[0m?[0;34mTesting api: '/api/auth/user'
?[0m?[0;34mrequest: '{
?[0m?[0;34m   "name": "John Doe 1",
?[0m?[0;34m   "password": "oa3VvqnLxW"
?[0m?[0;34m}'
?[0m?[0;34mExpectations: 'In case of wrong data in request, endpoint must respond with BAD REQUEST  status (400).'
?[0m?[0;34m-----
?[0;34m2025-01-02T11:04:31.329-08:00  INFO 42488 --- [io-28852-exec-1] o.a.c.c.C.[Tomcat].[localhost].[/]       : Initializing Spring DispatcherServlet 'dispatcherServlet'
?[0m?[0;34m2025-01-02T11:04:31.329-08:00  INFO 42488 --- [io-28852-exec-1] o.s.web.servlet.DispatcherServlet        : Initializing Servlet 'dispatcherServlet'
?[0m?[0;34m2025-01-02T11:04:31.330-08:00  INFO 42488 --- [io-28852-exec-1] o.s.web.servlet.DispatcherServlet        : Completed initialization in 1 ms
?[0m?[0;34m2025-01-02T11:04:31.375-08:00  WARN 42488 --- [io-28852-exec-1] o.s.w.s.h.HandlerMappingIntrospector     : Cache miss for REQUEST dispatch to '/api/auth/user' (previous null). Performing CorsConfiguration lookup. This is logged once only at WARN level, and every time at TRACE.
?[0m?[0;34m2025-01-02T11:04:31.383-08:00  WARN 42488 --- [io-28852-exec-1] o.s.w.s.h.HandlerMappingIntrospector     : Cache miss for REQUEST dispatch to '/api/auth/user' (previous null). Performing MatchableHandlerMapping lookup. This is logged once only at WARN level, and every time at TRACE.
?[0m?[1;31m
Start test 2?[0m
?[0;34mTest case
?[0m?[0;34mTesting api: '/api/auth/user'
?[0m?[0;34mrequest: '{
?[0m?[0;34m   "name": "John Doe 2",
?[0m?[0;34m   "username": "johndoe1"
?[0m?[0;34m}'
?[0m?[0;34mExpectations: 'In case of wrong data in request, endpoint must respond with BAD REQUEST  status (400).'
?[0m?[0;34m-----
?[0m?[1;31m
Start test 3?[0m
?[0;34mTest case
?[0m?[0;34mTesting api: '/api/auth/user'
?[0m?[0;34mrequest: '{
?[0m?[0;34m   "name": "John Doe 1",
?[0m?[0;34m   "username": "johndoe1",
?[0m?[0;34m   "password": "oMoa3VvqnLxW"
?[0m?[0;34m}'
?[0m?[0;34mExpectations: 'If user successfully added, endpoint must respond with HTTP CREATED status (201) '
?[0m?[0;34m-----
?[0;34m2025-01-02T11:04:31.564-08:00  INFO 42488 --- [io-28852-exec-2] antifraud.service.UserService            : Fetching all users
?[0m?[1;31m
Start test 4?[0m
?[0;34mTest case
?[0m?[0;34mTesting api: '/api/auth/list'
?[0m?[0;34mExpectations: 'Endpoint must respond with HTTP OK status (200) and body with array of objects representing the users sorted by ID in ascending order.'
?[0m?[0;34m-----
?[0;34m2025-01-02T11:04:31.829-08:00  INFO 42488 --- [io-28852-exec-4] antifraud.service.UserService            : Fetching all users
?[0m?[1;31m
Start test 5?[0m
?[0;34mTest case
?[0m?[0;34mTesting api: '/api/auth/user'
?[0m?[0;34mrequest: '{
?[0m?[0;34m   "name": "John Doe 1",
?[0m?[0;34m   "username": "johndoe1",
?[0m?[0;34m   "password": "oMoa3VvqnLxW"
?[0m?[0;34m}'
?[0m?[0;34mExpectations: 'If user successfully added, endpoint must respond with HTTP CREATED status (201) '
?[0m?[0;34m-----
?[0;34m2025-01-02T11:04:31.843-08:00  INFO 42488 --- [io-28852-exec-5] antifraud.service.UserService            : Fetching all users
?[0m?[1;31m
Start test 6?[0m
?[0;34mTest case
?[0m?[0;34mTesting api: '/api/auth/list'
?[0m?[0;34mExpectations: 'Endpoint must respond with HTTP OK status (200) and body with array of objects representing the users sorted by ID in ascending order.'
?[0m?[0;34m-----
?[0;34m2025-01-02T11:04:31.950-08:00  INFO 42488 --- [io-28852-exec-6] antifraud.service.UserService            : Fetching all users
?[0m?[1;31m
Start test 7?[0m
?[0;34mTest case
?[0m?[0;34mTesting api: '/api/auth/list'
?[0m?[0;34mExpectations: 'A user with incorrect credentials is not allowed'
?[0m?[0;34m-----
?[0m?[1;31m
Start test 8?[0m
?[0;34mTest case
?[0m?[0;34mTesting api: '/api/auth/list'
?[0m?[0;34mExpectations: 'A user with incorrect credentials is not allowed'
?[0m?[0;34m-----
?[0m?[1;31m
Start test 9?[0m
?[0;34mTest case
?[0m?[0;34mTesting api: '/api/antifraud/transaction'
?[0m?[0;34mExpectations: 'Merchant after registration must be LOCKED'
?[0m?[0;34m-----
?[0m?[1;31m
Start test 10?[0m
?[0;34mTest case
?[0m?[0;34mTesting api: '/api/auth/access'
?[0m?[0;34mExpectations: 'A user johndoe1 must be UNLOCKED'
?[0m?[0;34m-----
?[0m?[1;31m
Start test 11?[0m
?[0;34mTest case
?[0m?[0;34mTesting api: '/api/antifraud/transaction'
?[0m?[0;34mExpectations: 'A user johndoe1 must be UNLOCKED'
?[0m?[0;34m-----
?[0m?[1;31m
Start test 12?[0m
?[0;34mTest case
?[0m?[0;34mTesting api: '/api/antifraud/transaction'
?[0m?[0;34mrequest: 'amount = 1'
?[0m?[0;34mExpectations: 'Result validating of Transaction must be 'ALLOWED''
?[0m?[0;34m-----
?[0m?[1;31m
Start test 13?[0m
?[0;34m2025-01-02T11:04:32.784-08:00  INFO 42488 --- [       Thread-5] j.LocalContainerEntityManagerFactoryBean : Closing JPA EntityManagerFactory for persistence unit 'default'
?[0m?[0;34m2025-01-02T11:04:32.785-08:00  INFO 42488 --- [       Thread-5] com.zaxxer.hikari.HikariDataSource       : HikariPool-1 - Shutdown initiated...
?[0m?[0;34m2025-01-02T11:04:32.994-08:00  INFO 42488 --- [       Thread-5] com.zaxxer.hikari.HikariDataSource       : HikariPool-1 - Shutdown completed.
?[0;34m
?[0m?[0;34m  .   ____          _            __ _ _
?[0m?[0;34m /\\ / ___'_ __ _ _(_)_ __  __ _ \ \ \ \
?[0m?[0;34m( ( )\___ | '_ | '_| | '_ \/ _` | \ \ \ \
?[0m?[0;34m \\/  ___)| |_)| | | | | || (_| |  ) ) ) )
?[0m?[0;34m  '  |____| .__|_| |_|_| |_\__, | / / / /
?[0m?[0;34m =========|_|==============|___/=/_/_/_/
?[0m?[0;34m :: Spring Boot ::                (v3.2.0)
?[0m?[0;34m
?[0m?[0;34m2025-01-02T11:04:43.209-08:00  INFO 42488 --- [    Test worker] antifraud.AntiFraudApplication           : Starting AntiFraudApplication using Java 17.0.10 with PID 42488 (started by CMCDERMI in C:\Users\CMCDERMI\code\hyperskill\Anti-Fraud System\Anti-Fraud System\task)
?[0m?[0;34m2025-01-02T11:04:43.209-08:00  INFO 42488 --- [    Test worker] antifraud.AntiFraudApplication           : No active profile set, falling back to 1 default profile: "default"
?[0m?[0;34m2025-01-02T11:04:43.373-08:00  INFO 42488 --- [    Test worker] .s.d.r.c.RepositoryConfigurationDelegate : Bootstrapping Spring Data JPA repositories in DEFAULT mode.
?[0m?[0;34m2025-01-02T11:04:43.382-08:00  INFO 42488 --- [    Test worker] .s.d.r.c.RepositoryConfigurationDelegate : Finished Spring Data repository scanning in 8 ms. Found 4 JPA repository interfaces.
?[0m?[0;34m2025-01-02T11:04:43.527-08:00  INFO 42488 --- [    Test worker] o.s.b.w.embedded.tomcat.TomcatWebServer  : Tomcat initialized with port 28852 (http)
?[0m?[0;34m2025-01-02T11:04:43.528-08:00  INFO 42488 --- [    Test worker] o.apache.catalina.core.StandardService   : Starting service [Tomcat]
?[0m?[0;34m2025-01-02T11:04:43.529-08:00  INFO 42488 --- [    Test worker] o.apache.catalina.core.StandardEngine    : Starting Servlet engine: [Apache Tomcat/10.1.16]
?[0m?[0;34m2025-01-02T11:04:43.546-08:00  INFO 42488 --- [    Test worker] o.a.c.c.C.[Tomcat].[localhost].[/]       : Initializing Spring embedded WebApplicationContext
?[0m?[0;34m2025-01-02T11:04:43.546-08:00  INFO 42488 --- [    Test worker] w.s.c.ServletWebServerApplicationContext : Root WebApplicationContext: initialization completed in 335 ms
?[0m?[0;34m2025-01-02T11:04:43.649-08:00  INFO 42488 --- [    Test worker] o.hibernate.jpa.internal.util.LogHelper  : HHH000204: Processing PersistenceUnitInfo [name: default]
?[0m?[0;34m2025-01-02T11:04:43.654-08:00  INFO 42488 --- [    Test worker] o.h.c.internal.RegionFactoryInitiator    : HHH000026: Second-level cache disabled
?[0m?[0;34m2025-01-02T11:04:43.662-08:00  INFO 42488 --- [    Test worker] o.s.o.j.p.SpringPersistenceUnitInfo      : No LoadTimeWeaver setup: ignoring JPA class transformer
?[0m?[0;34m2025-01-02T11:04:43.663-08:00  INFO 42488 --- [    Test worker] com.zaxxer.hikari.HikariDataSource       : HikariPool-2 - Starting...
?[0m?[0;34m2025-01-02T11:04:43.693-08:00  INFO 42488 --- [    Test worker] com.zaxxer.hikari.pool.HikariPool        : HikariPool-2 - Added connection conn10: url=jdbc:h2:file:../service_db user=
?[0m?[0;34m2025-01-02T11:04:43.693-08:00  INFO 42488 --- [    Test worker] com.zaxxer.hikari.HikariDataSource       : HikariPool-2 - Start completed.
?[0m?[0;34m2025-01-02T11:04:43.778-08:00  INFO 42488 --- [    Test worker] o.h.e.t.j.p.i.JtaPlatformInitiator       : HHH000489: No JTA platform available (set 'hibernate.transaction.jta.platform' to enable JTA platform integration)
?[0m?[0;34m2025-01-02T11:04:43.783-08:00  INFO 42488 --- [    Test worker] j.LocalContainerEntityManagerFactoryBean : Initialized JPA EntityManagerFactory for persistence unit 'default'
?[0m?[0;34m2025-01-02T11:04:43.945-08:00  WARN 42488 --- [    Test worker] JpaBaseConfiguration$JpaWebConfiguration : spring.jpa.open-in-view is enabled by default. Therefore, database queries may be performed during view rendering. Explicitly configure spring.jpa.open-in-view to disable this warning
?[0m?[0;34m2025-01-02T11:04:44.177-08:00  INFO 42488 --- [    Test worker] o.s.b.a.e.web.EndpointLinksResolver      : Exposing 14 endpoint(s) beneath base path '/actuator'
?[0m?[0;34m2025-01-02T11:04:44.226-08:00  INFO 42488 --- [    Test worker] o.s.s.web.DefaultSecurityFilterChain     : Will secure any request with [org.springframework.security.web.session.DisableEncodeUrlFilter@53309bfd, org.springframework.security.web.context.request.async.WebAsyncManagerIntegrationFilter@2f074818, org.springframework.security.web.context.SecurityContextHolderFilter@88b9cf, org.springframework.security.web.header.HeaderWriterFilter@6513fd22, org.springframework.web.filter.CorsFilter@3e3e9f3e, org.springframework.security.web.authentication.logout.LogoutFilter@1fa67a80, org.springframework.security.web.authentication.www.BasicAuthenticationFilter@41f5f4ba, org.springframework.security.web.savedrequest.RequestCacheAwareFilter@60a4e124, org.springframework.security.web.servletapi.SecurityContextHolderAwareRequestFilter@7da324d0, org.springframework.security.web.authentication.AnonymousAuthenticationFilter@1b0947c3, org.springframework.security.web.session.SessionManagementFilter@6887e1d1, org.springframework.security.web.access.ExceptionTranslationFilter@2f4847d9, org.springframework.security.web.access.intercept.AuthorizationFilter@77889f63]
?[0m?[0;34m2025-01-02T11:04:44.397-08:00  INFO 42488 --- [    Test worker] o.s.b.w.embedded.tomcat.TomcatWebServer  : Tomcat started on port 28852 (http) with context path ''
?[0m?[0;34m2025-01-02T11:04:44.404-08:00  INFO 42488 --- [    Test worker] antifraud.AntiFraudApplication           : Started AntiFraudApplication in 1.222 seconds (process running for 22.56)
?[0m?[1;31m
Start test 14?[0m
?[0;34mTest case
?[0m?[0;34mTesting api: '/api/auth/list'
?[0m?[0;34mExpectations: 'After restart user must exist'
?[0m?[0;34m-----
?[0;34m2025-01-02T11:04:44.409-08:00  INFO 42488 --- [io-28852-exec-1] o.a.c.c.C.[Tomcat].[localhost].[/]       : Initializing Spring DispatcherServlet 'dispatcherServlet'
?[0m?[0;34m2025-01-02T11:04:44.409-08:00  INFO 42488 --- [io-28852-exec-1] o.s.web.servlet.DispatcherServlet        : Initializing Servlet 'dispatcherServlet'
?[0m?[0;34m2025-01-02T11:04:44.410-08:00  INFO 42488 --- [io-28852-exec-1] o.s.web.servlet.DispatcherServlet        : Completed initialization in 1 ms
?[0m?[0;34m2025-01-02T11:04:44.410-08:00  WARN 42488 --- [io-28852-exec-1] o.s.w.s.h.HandlerMappingIntrospector     : Cache miss for REQUEST dispatch to '/api/auth/list' (previous null). Performing CorsConfiguration lookup. This is logged once only at WARN level, and every time at TRACE.
?[0m?[0;34m2025-01-02T11:04:44.518-08:00  WARN 42488 --- [io-28852-exec-1] o.s.w.s.h.HandlerMappingIntrospector     : Cache miss for REQUEST dispatch to '/api/auth/list' (previous null). Performing MatchableHandlerMapping lookup. This is logged once only at WARN level, and every time at TRACE.
?[0m?[0;34m2025-01-02T11:04:44.520-08:00  INFO 42488 --- [io-28852-exec-1] antifraud.service.UserService            : Fetching all users
?[0m?[1;31m
Start test 15?[0m
?[0;34mTest case
?[0m?[0;34mTesting api: '/api/auth/user'
?[0m?[0;34mrequest: '{
?[0m?[0;34m   "name": "John Doe 1",
?[0m?[0;34m   "username": "johndoe1",
?[0m?[0;34m   "password": "oMoa3VvqnLxW"
?[0m?[0;34m}'
?[0m?[0;34mExpectations: 'In case of an attempt to register an existing user, endpoint must respond with HTTP CONFLICT status (409).'
?[0m?[0;34m-----
?[0m?[1;31m
Start test 16?[0m
?[0;34mTest case
?[0m?[0;34mTesting api: '/api/auth/user'
?[0m?[0;34mrequest: '{
?[0m?[0;34m   "name": "John Doe 2",
?[0m?[0;34m   "username": "johndoe2",
?[0m?[0;34m   "password": "oMoa5VvqnLxW"
?[0m?[0;34m}'
?[0m?[0;34mExpectations: 'If user successfully added, endpoint must respond with HTTP CREATED status (201) '
?[0m?[0;34m-----
?[0;34m2025-01-02T11:04:44.542-08:00  INFO 42488 --- [io-28852-exec-3] antifraud.service.UserService            : Fetching all users
?[0m?[1;31m
Start test 17?[0m
?[0;34mTest case
?[0m?[0;34mTesting api: '/api/auth/list'
?[0m?[0;34mExpectations: 'Endpoint must respond with HTTP OK status (200) and body with array of objects representing the users sorted by ID in ascending order.'
?[0m?[0;34m-----
?[0;34m2025-01-02T11:04:44.657-08:00  INFO 42488 --- [io-28852-exec-4] antifraud.service.UserService            : Fetching all users
?[0m?[1;31m
Start test 18?[0m
?[0;34mTest case
?[0m?[0;34mTesting api: '/api/antifraud/transaction'
?[0m?[0;34mrequest: 'amount = 199'
?[0m?[0;34mExpectations: 'Result validating of Transaction must be 'ALLOWED''
?[0m?[0;34m-----
?[0m?[1;31m
Start test 19?[0m
?[0;34mTest case
?[0m?[0;34mTesting api: '/api/antifraud/transaction'
?[0m?[0;34mrequest: 'amount = 200'
?[0m?[0;34mExpectations: 'Result validating of Transaction must be 'ALLOWED''
?[0m?[0;34m-----
?[0m?[1;31m
Start test 20?[0m
?[0;34mTest case
?[0m?[0;34mTesting api: '/api/antifraud/transaction'
?[0m?[0;34mrequest: 'amount = 201'
?[0m?[0;34mExpectations: 'Result validating of Transaction must be 'MANUAL_PROCESSING''
?[0m?[0;34m-----
?[0m?[1;31m
Start test 21?[0m
?[0;34mTest case
?[0m?[0;34mTesting api: '/api/antifraud/transaction'
?[0m?[0;34mrequest: 'amount = 1499'
?[0m?[0;34mExpectations: 'Result validating of Transaction must be 'MANUAL_PROCESSING''
?[0m?[0;34m-----
?[0m?[1;31m
Start test 22?[0m
?[0;34mTest case
?[0m?[0;34mTesting api: '/api/antifraud/transaction'
?[0m?[0;34mrequest: 'amount = 1500'
?[0m?[0;34mExpectations: 'Result validating of Transaction must be 'MANUAL_PROCESSING''
?[0m?[0;34m-----
?[0m?[1;31m
Start test 23?[0m
?[0;34mTest case
?[0m?[0;34mTesting api: '/api/antifraud/transaction'
?[0m?[0;34mrequest: 'amount = 1501'
?[0m?[0;34mExpectations: 'Result validating of Transaction must be 'PROHIBITED''
?[0m?[0;34m-----
?[0m?[1;31m
Start test 24?[0m
?[0;34mTest case
?[0m?[0;34mTesting api: '/api/antifraud/transaction'
?[0m?[0;34mrequest: 'amount = 2000'
?[0m?[0;34mExpectations: 'Result validating of Transaction must be 'PROHIBITED''
?[0m?[0;34m-----
?[0m?[1;31m
Start test 25?[0m
?[0;34mTest case
?[0m?[0;34mTesting api: '/api/antifraud/transaction'
?[0m?[0;34mrequest: 'amount = -1'
?[0m?[0;34mExpectations: 'Response status must be 'Bad request''
?[0m?[0;34m-----
?[0m?[1;31m
Start test 26?[0m
?[0;34mTest case
?[0m?[0;34mTesting api: '/api/antifraud/transaction'
?[0m?[0;34mrequest: 'amount = 0'
?[0m?[0;34mExpectations: 'Response status must be 'Bad request''
?[0m?[0;34m-----
?[0m?[1;31m
Start test 27?[0m
?[0;34mTest case
?[0m?[0;34mTesting api: '/api/antifraud/transaction'
?[0m?[0;34mrequest: 'amount = null'
?[0m?[0;34mExpectations: 'Response status must be 'Bad request''
?[0m?[0;34m-----
?[0m?[1;31m
Start test 28?[0m
?[0;34mTest case
?[0m?[0;34mTesting api: '/api/antifraud/transaction'
?[0m?[0;34mrequest: 'amount = ""'
?[0m?[0;34mExpectations: 'Response status must be 'Bad request''
?[0m?[0;34m-----
?[0m?[1;31m
Start test 29?[0m
?[0;34mTest case
?[0m?[0;34mTesting api: '/api/antifraud/transaction'
?[0m?[0;34mrequest: 'amount = " "'
?[0m?[0;34mExpectations: 'Response status must be 'Bad request''
?[0m?[0;34m-----
?[0m?[1;31m
Start test 30?[0m
?[0;34mTest case
?[0m?[0;34mTesting api: '/api/antifraud/transaction'
?[0m?[0;34mrequest: 'empty body'
?[0m?[0;34mExpectations: 'Response status must be 'Bad request''
?[0m?[0;34m-----
?[0m?[1;31m
Start test 31?[0m
?[0;34mTest case
?[0m?[0;34mTesting api: '/api/auth/user'
?[0m?[0;34mrequest: '/api/auth/user/somebody'
?[0m?[0;34mExpectations: 'If a user is not found, respond with HTTP Not Found status (404).'
?[0m?[0;34m-----
?[0m?[1;31m
Start test 32?[0m
?[0;34mTest case
?[0m?[0;34mTesting api: '/api/auth/user'
?[0m?[0;34mrequest: '/api/auth/user/johndoe1'
?[0m?[0;34mExpectations: 'The endpoint must delete the user and respond with HTTP OK status (200)'
?[0m?[0;34m-----
?[0m?[1;31m
Start test 33?[0m
?[0;34mTest case
?[0m?[0;34mTesting api: '/api/auth/list'
?[0m?[0;34mExpectations: 'User 'johndoe1' must be delete'
?[0m?[0;34m-----
?[0;34m2025-01-02T11:04:45.569-08:00  INFO 42488 --- [o-28852-exec-10] antifraud.service.UserService            : Fetching all users
?[0m?[1;31m
Start test 34?[0m
?[0;34mTest case
?[0m?[0;34mTesting api: '/api/auth/role'
?[0m?[0;34mExpectations: 'If a user is not found, endpoint must respond with the HTTP Not Found status (404).'
?[0m?[0;34m-----
?[0m?[1;31m
Start test 35?[0m
?[0;34mTest case
?[0m?[0;34mTesting api: '/api/auth/role'
?[0m?[0;34mExpectations: 'If a role is not found, endpoint must respond with the HTTP Bad Request status (400).'
?[0m?[0;34m-----
?[0m?[0;34m2025-01-02T11:04:45.684-08:00  WARN 42488 --- [o-28852-exec-10] .w.s.m.s.DefaultHandlerExceptionResolver : Resolved [org.springframework.http.converter.HttpMessageNotReadableException: JSON parse error: Cannot deserialize value of type `antifraud.constants.Role` from String "USER": not one of the values accepted for Enum class: [MERCHANT, ADMINISTRATOR, SUPPORT, ANONYMOUS]]
?[0m?[1;31m
Start test 36?[0m
?[0;34mTest case
?[0m?[0;34mTesting api: '/api/auth/role'
?[0m?[0;34mExpectations: 'If a role is ADMINISTRATOR, endpoint must respond with the HTTP Bad Request status (400).'
?[0m?[0;34m-----
?[0m?[1;31m
Start test 37?[0m
?[0;34mTest case
?[0m?[0;34mTesting api: '/api/auth/role'
?[0m?[0;34mExpectations: 'If a role successfully changed, respond with the HTTP OK status (200)'
?[0m?[0;34m-----
?[0m?[1;31m
Start test 38?[0m
?[0;34mTest case
?[0m?[0;34mTesting api: '/api/auth/role'
?[0m?[0;34mExpectations: 'If a role already assigned to a user, endpoint must respond with the HTTP Conflict status (409).'
?[0m?[0;34m-----
?[0m?[1;31m
Start test 39?[0m
?[0;34mTest case
?[0m?[0;34mTesting api: '/api/auth/access'
?[0m?[0;34mExpectations: 'A user johndoe2 must be UNLOCKED'
?[0m?[0;34m-----
?[0m?[1;31m
Start test 40?[0m
?[0;34mTest case
?[0m?[0;34mTesting api: '/api/auth/list'
?[0m?[0;34mExpectations: 'Role for user 'johndoe2' must be changed to SUPPORT'
?[0m?[0;34m-----
?[0;34m2025-01-02T11:04:45.976-08:00  INFO 42488 --- [io-28852-exec-6] antifraud.service.UserService            : Fetching all users
?[0m?[1;31m
Start test 41?[0m
?[0;34mTest case
?[0m?[0;34mTesting api: '/api/antifraud/transaction'
?[0m?[0;34mExpectations: 'Role MERCHANT must be removed from user johndoe2!'
?[0m?[0;34m-----
?[0m?[1;31m
Start test 42?[0m
?[0;34mTest case
?[0m?[0;34mTesting api: '/api/auth/user'
?[0m?[0;34mrequest: '{
?[0m?[0;34m   "name": "John Doe 3",
?[0m?[0;34m   "username": "johndoe3",
?[0m?[0;34m   "password": "oMoa6VvqnLxW"
?[0m?[0;34m}'
?[0m?[0;34mExpectations: 'If user successfully added, endpoint must respond with HTTP CREATED status (201) '
?[0m?[0;34m-----
?[0m?[0;34m2025-01-02T11:04:46.041-08:00  INFO 42488 --- [io-28852-exec-4] antifraud.service.UserService            : Fetching all users
?[0m?[1;31m
Start test 43?[0m
?[0;34mTest case
?[0m?[0;34mTesting api: '/api/antifraud/transaction'
?[0m?[0;34mExpectations: 'MERCHANT user after registration must be LOCKED'
?[0m?[0;34m-----
?[0m?[1;31m
Start test 44?[0m
?[0;34mTest case
?[0m?[0;34mTesting api: '/api/auth/access'
?[0m?[0;34mExpectations: 'A user johndoe3 must be UNLOCKED'
?[0m?[0;34m-----
?[0m?[1;31m
Start test 45?[0m
?[0;34mTest case
?[0m?[0;34mTesting api: '/api/antifraud/transaction'
?[0m?[0;34mExpectations: 'A user johndoe3 must be UNLOCKED'
?[0m?[0;34m-----
?[0m?[1;31m
Start test 46?[0m
?[0;34mTest case
?[0m?[0;34mTesting api: '/api/auth/access'
?[0m?[0;34mExpectations: 'A user johndoe3 must be LOCKED'
?[0m?[0;34m-----
?[0m?[1;31m
Start test 47?[0m
?[0;34mTest case
?[0m?[0;34mTesting api: '/api/antifraud/transaction'
?[0m?[0;34mExpectations: 'A user johndoe3 must be LOCKED'
?[0m?[0;34m-----
?[0m?[1;31m
Start test 48?[0m
?[0;34mTest case
?[0m?[0;34mTesting api: '/api/auth/access'
?[0m?[0;34mExpectations: 'A user johndoe3 must be UNLOCKED'
?[0m?[0;34m-----
?[0m?[1;31m
Start test 49?[0m
?[0;34mTest case
?[0m?[0;34mTesting api: '/api/antifraud/transaction'
?[0m?[0;34mExpectations: 'A user with role ADMINISTRATOR must not have access to /api/antifraud/transaction'
?[0m?[0;34m-----
?[0m?[1;31m
Start test 50?[0m
?[0;34mTest case
?[0m?[0;34mTesting api: '/api/antifraud/transaction'
?[0m?[0;34mExpectations: 'A user with role SUPPORT must not have access to /api/antifraud/transaction'
?[0m?[0;34m-----
?[0m?[1;31m
Start test 51?[0m
?[0;34mTest case
?[0m?[0;34mTesting api: '/api/antifraud/transaction'
?[0m?[0;34mExpectations: 'A user with role ANONYMOUS must not have access to /api/antifraud/transaction'
?[0m?[0;34m-----
?[0m?[1;31m
Start test 52?[0m
?[0;34mTest case
?[0m?[0;34mTesting api: '/api/auth/user'
?[0m?[0;34mExpectations: 'A user with role ANONYMOUS must not have access to DELETE /api/auth/user'
?[0m?[0;34m-----
?[0m?[1;31m
Start test 53?[0m
?[0;34mTest case
?[0m?[0;34mTesting api: '/api/auth/user'
?[0m?[0;34mExpectations: 'A user with role SUPPORT must not have access to DELETE /api/auth/user'
?[0m?[0;34m-----
?[0m?[1;31m
Start test 54?[0m
?[0;34mTest case
?[0m?[0;34mTesting api: '/api/auth/user'
?[0m?[0;34mExpectations: 'A user with role MERCHANT must not have access to DELETE /api/auth/user'
?[0m?[0;34m-----
?[0m?[1;31m
Start test 55?[0m
?[0;34mTest case
?[0m?[0;34mTesting api: '/api/auth/list'
?[0m?[0;34mExpectations: 'A user with role ANONYMOUS must not have access to /api/auth/list'
?[0m?[0;34m-----
?[0m?[1;31m
Start test 56?[0m
?[0;34mTest case
?[0m?[0;34mTesting api: '/api/auth/list'
?[0m?[0;34mExpectations: 'A user with role MERCHANT must not have access to /api/auth/list'
?[0m?[0;34m-----
?[0m?[1;31m
Start test 57?[0m
?[0;34mTest case
?[0m?[0;34mTesting api: '/api/antifraud/suspicious-ip'
?[0m?[0;34mExpectations: 'A user with role ADMINISTRATOR must not have access to GET /api/antifraud/suspicious-ip'
?[0m?[0;34m-----
?[0m?[1;31m
Start test 58?[0m
?[0;34mTest case
?[0m?[0;34mTesting api: '/api/antifraud/suspicious-ip'
?[0m?[0;34mExpectations: 'A user with role MERCHANT must not have access to GET /api/antifraud/suspicious-ip'
?[0m?[0;34m-----
?[0m?[1;31m
Start test 59?[0m
?[0;34mTest case
?[0m?[0;34mTesting api: '/api/antifraud/suspicious-ip'
?[0m?[0;34mExpectations: 'A user with role ADMINISTRATOR must not have access to POST /api/antifraud/suspicious-ip'
?[0m?[0;34m-----
?[0m?[1;31m
Start test 60?[0m
?[0;34mTest case
?[0m?[0;34mTesting api: '/api/antifraud/suspicious-ip'
?[0m?[0;34mExpectations: 'A user with role MERCHANT must not have access to POST /api/antifraud/suspicious-ip'
?[0m?[0;34m-----
?[0m?[1;31m
Start test 61?[0m
?[0;34mTest case
?[0m?[0;34mTesting api: '/api/antifraud/suspicious-ip'
?[0m?[0;34mExpectations: 'A user with role ADMINISTRATOR must not have access to DELETE /api/antifraud/suspicious-ip'
?[0m?[0;34m-----
?[0m?[1;31m
Start test 62?[0m
?[0;34mTest case
?[0m?[0;34mTesting api: '/api/antifraud/suspicious-ip'
?[0m?[0;34mExpectations: 'A user with role MERCHANT must not have access to DELETE /api/antifraud/suspicious-ip'
?[0m?[0;34m-----
?[0m?[1;31m
Start test 63?[0m
?[0;34mTest case
?[0m?[0;34mTesting api: '/api/antifraud/stolencard'
?[0m?[0;34mExpectations: 'A user with role ADMINISTRATOR must not have access to GET /api/antifraud/stolencard'
?[0m?[0;34m-----
?[0m?[1;31m
Start test 64?[0m
?[0;34mTest case
?[0m?[0;34mTesting api: '/api/antifraud/stolencard'
?[0m?[0;34mExpectations: 'A user with role MERCHANT must not have access to GET /api/antifraud/stolencard'
?[0m?[0;34m-----
?[0m?[1;31m
Start test 65?[0m
?[0;34mTest case
?[0m?[0;34mTesting api: '/api/antifraud/stolencard'
?[0m?[0;34mExpectations: 'A user with role ADMINISTRATOR must not have access to POST /api/antifraud/stolencard'
?[0m?[0;34m-----
?[0m?[1;31m
Start test 66?[0m
?[0;34mTest case
?[0m?[0;34mTesting api: '/api/antifraud/stolencard'
?[0m?[0;34mExpectations: 'A user with role MERCHANT must not have access to POST /api/antifraud/stolencard'
?[0m?[0;34m-----
?[0m?[1;31m
Start test 67?[0m
?[0;34mTest case
?[0m?[0;34mTesting api: '/api/antifraud/stolencard'
?[0m?[0;34mExpectations: 'A user with role ADMINISTRATOR must not have access to DELETE /api/antifraud/stolencard'
?[0m?[0;34m-----
?[0m?[1;31m
Start test 68?[0m
?[0;34mTest case
?[0m?[0;34mTesting api: '/api/antifraud/stolencard'
?[0m?[0;34mExpectations: 'A user with role MERCHANT must not have access to DELETE /api/antifraud/stolencard'
?[0m?[0;34m-----
?[0m?[1;31m
Start test 69?[0m
?[0;34mTest case
?[0m?[0;34mTesting api: '/api/antifraud/suspicious-ip'
?[0m?[0;34mExpectations: 'Endpoint must respond with empty array'
?[0m?[0;34m-----
?[0m?[1;31m
Start test 70?[0m
?[0;34mTest case
?[0m?[0;34mTesting api: '/api/antifraud/suspicious-ip'
?[0m?[0;34mExpectations: 'IP must be added to Black List'
?[0m?[0;34m-----
?[0m?[1;31m
Start test 71?[0m
?[0;34mTest case
?[0m?[0;34mTesting api: '/api/antifraud/suspicious-ip'
?[0m?[0;34mExpectations: 'If IP already in database,  endpoint must respond with the HTTP Conflict status (409).'
?[0m?[0;34m-----
?[0m?[1;31m
Start test 72?[0m
?[0;34mTest case
?[0m?[0;34mTesting api: '/api/antifraud/suspicious-ip'
?[0m?[0;34mExpectations: 'If IP doesn't have right format, respond with HTTP Bad Request status (400)'
?[0m?[0;34m-----
?[0m?[1;31m
Start test 73?[0m
?[0;34mTest case
?[0m?[0;34mTesting api: '/api/antifraud/suspicious-ip'
?[0m?[0;34mExpectations: 'If IP doesn't have right format, respond with HTTP Bad Request status (400)'
?[0m?[0;34m-----
?[0m?[1;31m
Start test 74?[0m
?[0;34mTest case
?[0m?[0;34mTesting api: '/api/antifraud/suspicious-ip'
?[0m?[0;34mExpectations: 'IP must be added to Black List'
?[0m?[0;34m-----
?[0m?[1;31m
Start test 75?[0m
?[0;34mTest case
?[0m?[0;34mTesting api: '/api/antifraud/suspicious-ip'
?[0m?[0;34mExpectations: 'Endpoint must responds with Black List'
?[0m?[0;34m-----
?[0m?[1;31m
Start test 76?[0m
?[0;34mTest case
?[0m?[0;34mTesting api: '/api/antifraud/suspicious-ip'
?[0m?[0;34mExpectations: 'IP must be removed from Black List'
?[0m?[0;34m-----
?[0m?[1;31m
Start test 77?[0m
?[0;34mTest case
?[0m?[0;34mTesting api: '/api/antifraud/suspicious-ip'
?[0m?[0;34mExpectations: 'If IP not found in database, respond with the HTTP Not Found status (404).'
?[0m?[0;34m-----
?[0m?[1;31m
Start test 78?[0m
?[0;34mTest case
?[0m?[0;34mTesting api: '/api/antifraud/suspicious-ip'
?[0m?[0;34mExpectations: 'If IP doesn't have right format, respond with HTTP Bad Request status (400)'
?[0m?[0;34m-----
?[0m?[1;31m
Start test 79?[0m
?[0;34mTest case
?[0m?[0;34mTesting api: '/api/antifraud/suspicious-ip'
?[0m?[0;34mExpectations: 'IP must be removed from Black List'
?[0m?[0;34m-----
?[0m?[1;31m
Start test 80?[0m
?[0;34mTest case
?[0m?[0;34mTesting api: '/api/antifraud/stolencard'
?[0m?[0;34mExpectations: 'Endpoint must respond with empty array'
?[0m?[0;34m-----
?[0m?[1;31m
Start test 81?[0m
?[0;34mTest case
?[0m?[0;34mTesting api: '/api/antifraud/stolencard'
?[0m?[0;34mExpectations: 'A card must be added to Black List'
?[0m?[0;34m-----
?[0m?[1;31m
Start test 82?[0m
?[0;34mTest case
?[0m?[0;34mTesting api: '/api/antifraud/stolencard'
?[0m?[0;34mExpectations: 'If card-number already in database, endpoint must respond with the HTTP Conflict status (409).'
?[0m?[0;34m-----
?[0m?[1;31m
Start test 83?[0m
?[0;34mTest case
?[0m?[0;34mTesting api: '/api/antifraud/stolencard'
?[0m?[0;34mExpectations: 'If card-number doesn't have right format, endpoint must respond with HTTP Bad Request status (400).'
?[0m?[0;34m-----
?[0m?[1;31m
Start test 84?[0m
?[0;34mTest case
?[0m?[0;34mTesting api: '/api/antifraud/stolencard'
?[0m?[0;34mExpectations: 'If checksum of card-number is wrong, endpoint must respond with HTTP Bad Request status (400).'
?[0m?[0;34m-----
?[0m?[1;31m
Start test 85?[0m
?[0;34mTest case
?[0m?[0;34mTesting api: '/api/antifraud/stolencard'
?[0m?[0;34mExpectations: 'A card must be added to Black List'
?[0m?[0;34m-----
?[0m?[1;31m
Start test 86?[0m
?[0;34mTest case
?[0m?[0;34mTesting api: '/api/antifraud/stolencard'
?[0m?[0;34mExpectations: 'Endpoint must responds with Black List'
?[0m?[0;34m-----
?[0m?[1;31m
Start test 87?[0m
?[0;34mTest case
?[0m?[0;34mTesting api: '/api/antifraud/stolencard'
?[0m?[0;34mExpectations: 'Card must be removed from Black List'
?[0m?[0;34m-----
?[0m?[1;31m
Start test 88?[0m
?[0;34mTest case
?[0m?[0;34mTesting api: '/api/antifraud/stolencard'
?[0m?[0;34mExpectations: 'If card-number not found in database, respond with the HTTP Not Found status (404).'
?[0m?[0;34m-----
?[0m?[1;31m
Start test 89?[0m
?[0;34mTest case
?[0m?[0;34mTesting api: '/api/antifraud/stolencard'
?[0m?[0;34mExpectations: 'If card-number doesn't have right format, endpoint must respond with HTTP Bad Request status (400).'
?[0m?[0;34m-----
?[0m?[1;31m
Start test 90?[0m
?[0;34mTest case
?[0m?[0;34mTesting api: '/api/antifraud/stolencard'
?[0m?[0;34mExpectations: 'Card must be removed from Black List'
?[0m?[0;34m-----
?[0m?[1;31m
Start test 91?[0m
?[0;34mTest case
?[0m?[0;34mTesting api: '/api/antifraud/transaction'
?[0m?[0;34mExpectations: 'Transaction must be PROHIBITED due to - suspicious ip reason'
?[0m?[0;34m-----
?[0m?[1;31m
Start test 92?[0m
?[0;34mTest case
?[0m?[0;34mTesting api: '/api/antifraud/transaction'
?[0m?[0;34mExpectations: 'Transaction must be PROHIBITED due to - stolen card reason'
?[0m?[0;34m-----
?[0m?[1;31m
Start test 93?[0m
?[0;34mTest case
?[0m?[0;34mTesting api: '/api/antifraud/transaction'
?[0m?[0;34mExpectations: 'Transaction must be PROHIBITED due to - stolen card, suspicious ip reasons'
?[0m?[0;34m-----
?[0m?[1;31m
Start test 94?[0m
?[0;34mTest case
?[0m?[0;34mTesting api: '/api/antifraud/transaction'
?[0m?[0;34mExpectations: 'Transaction must be PROHIBITED due to - amount, stolen card, suspicious ip reasons'
?[0m?[0;34m-----
?[0m?[1;31m
Start test 95?[0m
?[0;34mTest case
?[0m?[0;34mTesting api: '/api/antifraud/transaction'
?[0m?[0;34mExpectations: 'Transaction must be ALLOWED'
?[0m?[0;34m-----
?[0m?[1;31m
Start test 96?[0m
?[0;34mTest case
?[0m?[0;34mTesting api: '/api/antifraud/transaction'
?[0m?[0;34mExpectations: 'Transaction must be ALLOWED'
?[0m?[0;34m-----
?[0m?[1;31m
Start test 97?[0m
?[0;34mTest case
?[0m?[0;34mTesting api: '/api/antifraud/transaction'
?[0m?[0;34mExpectations: 'Transaction must be ALLOWED'
?[0m?[0;34m-----
?[0m?[1;31m
Start test 98?[0m
?[0;34mTest case
?[0m?[0;34mTesting api: '/api/antifraud/transaction'
?[0m?[0;34mExpectations: 'Transaction must be MANUAL_PROCESSING due to - ip correlation rule'
?[0m?[0;34m-----
?[0m?[1;31m
Start test 99?[0m
?[0;34mTest case
?[0m?[0;34mTesting api: '/api/antifraud/transaction'
?[0m?[0;34mExpectations: 'Transaction must be PROHIBITED due to - ip correlation rule'
?[0m?[0;34m-----
?[0m?[1;31m
Start test 100?[0m
?[0;34mTest case
?[0m?[0;34mTesting api: '/api/antifraud/stolencard'
?[0m?[0;34mExpectations: 'A card must be added to Black List'
?[0m?[0;34m-----
?[0m?[1;31m
Start test 101?[0m
?[0;34mTest case
?[0m?[0;34mTesting api: '/api/antifraud/suspicious-ip'
?[0m?[0;34mExpectations: 'IP must be added to Black List'
?[0m?[0;34m-----
?[0m?[1;31m
Start test 102?[0m
?[0;34mTest case
?[0m?[0;34mTesting api: '/api/antifraud/transaction'
?[0m?[0;34mExpectations: 'Transaction must be PROHIBITED due to - amount, card-number, ip, ip-correlation reasons'
?[0m?[0;34m-----
?[0m?[1;31m
Start test 103?[0m
?[0;34mTest case
?[0m?[0;34mTesting api: '/api/antifraud/stolencard'
?[0m?[0;34mExpectations: 'Card must be removed from Black List'
?[0m?[0;34m-----
?[0m?[1;31m
Start test 104?[0m
?[0;34mTest case
?[0m?[0;34mTesting api: '/api/antifraud/suspicious-ip'
?[0m?[0;34mExpectations: 'IP must be removed from Black List'
?[0m?[0;34m-----
?[0m?[1;31m
Start test 105?[0m
?[0;34mTest case
?[0m?[0;34mTesting api: '/api/antifraud/transaction'
?[0m?[0;34mExpectations: 'Transaction must be ALLOWED'
?[0m?[0;34m-----
?[0m?[1;31m
Start test 106?[0m
?[0;34mTest case
?[0m?[0;34mTesting api: '/api/antifraud/transaction'
?[0m?[0;34mExpectations: 'Transaction must be ALLOWED'
?[0m?[0;34m-----
?[0m?[1;31m
Start test 107?[0m
?[0;34mTest case
?[0m?[0;34mTesting api: '/api/antifraud/transaction'
?[0m?[0;34mExpectations: 'Transaction must be ALLOWED'
?[0m?[0;34m-----
?[0m?[1;31m
Start test 108?[0m
?[0;34mTest case
?[0m?[0;34mTesting api: '/api/antifraud/transaction'
?[0m?[0;34mExpectations: 'Transaction must be MANUAL_PROCESSING due to - region correlation rule'
?[0m?[0;34m-----
?[0m?[1;31m
Start test 109?[0m
?[0;34mTest case
?[0m?[0;34mTesting api: '/api/antifraud/transaction'
?[0m?[0;34mExpectations: 'Transaction must be PROHIBITED due to - region correlation rule'
?[0m?[0;34m-----
?[0m?[1;31m
Start test 110?[0m
?[0;34mTest case
?[0m?[0;34mTesting api: '/api/antifraud/stolencard'
?[0m?[0;34mExpectations: 'A card must be added to Black List'
?[0m?[0;34m-----
?[0m?[1;31m
Start test 111?[0m
?[0;34mTest case
?[0m?[0;34mTesting api: '/api/antifraud/suspicious-ip'
?[0m?[0;34mExpectations: 'IP must be added to Black List'
?[0m?[0;34m-----
?[0m?[1;31m
Start test 112?[0m
?[0;34mTest case
?[0m?[0;34mTesting api: '/api/antifraud/transaction'
?[0m?[0;34mExpectations: 'Transaction must be PROHIBITED due to - amount, card-number, ip, region-correlation reasons'
?[0m?[0;34m-----
?[0m?[1;31m
Start test 113?[0m
?[0;34mTest case
?[0m?[0;34mTesting api: '/api/antifraud/stolencard'
?[0m?[0;34mExpectations: 'Card must be removed from Black List'
?[0m?[0;34m-----
?[0m?[1;31m
Start test 114?[0m
?[0;34mTest case
?[0m?[0;34mTesting api: '/api/antifraud/transaction'
?[0m?[0;34mExpectations: 'Transaction must be MANUAL_PROCESSING due to - ip correlation rule'
?[0m?[0;34m-----
?[0m]]></system-out>
  <system-err><![CDATA[]]></system-err>
</testsuite>
