<?xml version="1.0" encoding="UTF-8"?>
<testsuite name="AntiFraudTest" tests="1" skipped="0" failures="0" errors="0" timestamp="2024-12-30T20:18:08" hostname="NI502219" time="2.648">
  <properties/>
  <testcase name="start" classname="AntiFraudTest" time="2.648"/>
  <system-out><![CDATA[?[1;31m
Start test 1?[0m
?[0;34m
?[0m?[0;34m  .   ____          _            __ _ _
?[0m?[0;34m /\\ / ___'_ __ _ _(_)_ __  __ _ \ \ \ \
?[0m?[0;34m( ( )\___ | '_ | '_| | '_ \/ _` | \ \ \ \
?[0m?[0;34m \\/  ___)| |_)| | | | | || (_| |  ) ) ) )
?[0m?[0;34m  '  |____| .__|_| |_|_| |_\__, | / / / /
?[0m?[0;34m =========|_|==============|___/=/_/_/_/
?[0m?[0;34m :: Spring Boot ::                (v3.2.0)
?[0m?[0;34m
?[0m?[0;34m2024-12-30T12:18:09.037-08:00  INFO 19660 --- [    Test worker] antifraud.AntiFraudApplication           : Starting AntiFraudApplication using Java 17.0.10 with PID 19660 (started by CMCDERMI in C:\Users\CMCDERMI\code\hyperskill\Anti-Fraud System\Anti-Fraud System\task)
?[0m?[0;34m2024-12-30T12:18:09.039-08:00  INFO 19660 --- [    Test worker] antifraud.AntiFraudApplication           : No active profile set, falling back to 1 default profile: "default"
?[0m?[0;34m2024-12-30T12:18:09.949-08:00  INFO 19660 --- [    Test worker] o.s.b.w.embedded.tomcat.TomcatWebServer  : Tomcat initialized with port 28852 (http)
?[0m?[0;34m2024-12-30T12:18:09.958-08:00  INFO 19660 --- [    Test worker] o.apache.catalina.core.StandardService   : Starting service [Tomcat]
?[0m?[0;34m2024-12-30T12:18:09.958-08:00  INFO 19660 --- [    Test worker] o.apache.catalina.core.StandardEngine    : Starting Servlet engine: [Apache Tomcat/10.1.16]
?[0m?[0;34m2024-12-30T12:18:09.998-08:00  INFO 19660 --- [    Test worker] o.a.c.c.C.[Tomcat].[localhost].[/]       : Initializing Spring embedded WebApplicationContext
?[0m?[0;34m2024-12-30T12:18:10.000-08:00  INFO 19660 --- [    Test worker] w.s.c.ServletWebServerApplicationContext : Root WebApplicationContext: initialization completed in 927 ms
?[0m?[0;34m2024-12-30T12:18:10.671-08:00  INFO 19660 --- [    Test worker] o.s.b.a.e.web.EndpointLinksResolver      : Exposing 14 endpoint(s) beneath base path '/actuator'
?[0m?[0;34m2024-12-30T12:18:10.758-08:00  INFO 19660 --- [    Test worker] o.s.b.w.embedded.tomcat.TomcatWebServer  : Tomcat started on port 28852 (http) with context path ''
?[0m?[0;34m2024-12-30T12:18:10.765-08:00  INFO 19660 --- [    Test worker] antifraud.AntiFraudApplication           : Started AntiFraudApplication in 2.003 seconds (process running for 2.519)
?[0m?[0;34mTest case
?[0m?[0;34mTesting api: '/api/antifraud/transaction'
?[0m?[0;34mrequest: 'amount = 1'
?[0m?[0;34mExpectations: 'Result validating of Transaction must be 'ALLOWED''
?[0m?[0;34m-----
?[0;34m2024-12-30T12:18:11.022-08:00  INFO 19660 --- [io-28852-exec-1] o.a.c.c.C.[Tomcat].[localhost].[/]       : Initializing Spring DispatcherServlet 'dispatcherServlet'
?[0m?[0;34m2024-12-30T12:18:11.022-08:00  INFO 19660 --- [io-28852-exec-1] o.s.web.servlet.DispatcherServlet        : Initializing Servlet 'dispatcherServlet'
?[0m?[0;34m2024-12-30T12:18:11.023-08:00  INFO 19660 --- [io-28852-exec-1] o.s.web.servlet.DispatcherServlet        : Completed initialization in 1 ms
?[0m?[1;31m
Start test 2?[0m
?[0;34mTest case
?[0m?[0;34mTesting api: '/api/antifraud/transaction'
?[0m?[0;34mrequest: 'amount = 199'
?[0m?[0;34mExpectations: 'Result validating of Transaction must be 'ALLOWED''
?[0m?[0;34m-----
?[0m?[1;31m
Start test 3?[0m
?[0;34mTest case
?[0m?[0;34mTesting api: '/api/antifraud/transaction'
?[0m?[0;34mrequest: 'amount = 200'
?[0m?[0;34mExpectations: 'Result validating of Transaction must be 'ALLOWED''
?[0m?[0;34m-----
?[0m?[1;31m
Start test 4?[0m
?[0;34mTest case
?[0m?[0;34mTesting api: '/api/antifraud/transaction'
?[0m?[0;34mrequest: 'amount = 201'
?[0m?[0;34mExpectations: 'Result validating of Transaction must be 'MANUAL_PROCESSING''
?[0m?[0;34m-----
?[0m?[1;31m
Start test 5?[0m
?[0;34mTest case
?[0m?[0;34mTesting api: '/api/antifraud/transaction'
?[0m?[0;34mrequest: 'amount = 1499'
?[0m?[0;34mExpectations: 'Result validating of Transaction must be 'MANUAL_PROCESSING''
?[0m?[0;34m-----
?[0m?[1;31m
Start test 6?[0m
?[0;34mTest case
?[0m?[0;34mTesting api: '/api/antifraud/transaction'
?[0m?[0;34mrequest: 'amount = 1500'
?[0m?[0;34mExpectations: 'Result validating of Transaction must be 'MANUAL_PROCESSING''
?[0m?[0;34m-----
?[0m?[1;31m
Start test 7?[0m
?[0;34mTest case
?[0m?[0;34mTesting api: '/api/antifraud/transaction'
?[0m?[0;34mrequest: 'amount = 1501'
?[0m?[0;34mExpectations: 'Result validating of Transaction must be 'PROHIBITED''
?[0m?[0;34m-----
?[0m?[1;31m
Start test 8?[0m
?[0;34mTest case
?[0m?[0;34mTesting api: '/api/antifraud/transaction'
?[0m?[0;34mrequest: 'amount = 2000'
?[0m?[0;34mExpectations: 'Result validating of Transaction must be 'PROHIBITED''
?[0m?[0;34m-----
?[0m?[1;31m
Start test 9?[0m
?[0;34mTest case
?[0m?[0;34mTesting api: '/api/antifraud/transaction'
?[0m?[0;34mrequest: 'amount = -1'
?[0m?[0;34mExpectations: 'Response status must be 'Bad request''
?[0m?[0;34m-----
?[0m?[1;31m
Start test 10?[0m
?[0;34mTest case
?[0m?[0;34mTesting api: '/api/antifraud/transaction'
?[0m?[0;34mrequest: 'amount = 0'
?[0m?[0;34mExpectations: 'Response status must be 'Bad request''
?[0m?[0;34m-----
?[0m?[1;31m
Start test 11?[0m
?[0;34mTest case
?[0m?[0;34mTesting api: '/api/antifraud/transaction'
?[0m?[0;34mrequest: 'amount = null'
?[0m?[0;34mExpectations: 'Response status must be 'Bad request''
?[0m?[0;34m-----
?[0m?[1;31m
Start test 12?[0m
?[0;34mTest case
?[0m?[0;34mTesting api: '/api/antifraud/transaction'
?[0m?[0;34mrequest: 'amount = ""'
?[0m?[0;34mExpectations: 'Response status must be 'Bad request''
?[0m?[0;34m-----
?[0m?[1;31m
Start test 13?[0m
?[0;34mTest case
?[0m?[0;34mTesting api: '/api/antifraud/transaction'
?[0m?[0;34mrequest: 'amount = " "'
?[0m?[0;34mExpectations: 'Response status must be 'Bad request''
?[0m?[0;34m-----
?[0m?[1;31m
Start test 14?[0m
?[0;34mTest case
?[0m?[0;34mTesting api: '/api/antifraud/transaction'
?[0m?[0;34mrequest: 'empty body'
?[0m?[0;34mExpectations: 'Response status must be 'Bad request''
?[0m?[0;34m-----
?[0m]]></system-out>
  <system-err><![CDATA[]]></system-err>
</testsuite>
